Unity Editor version:    2020.3.17f1 (a4537701e4ab)
Branch:                  2020.3/staging
Build type:              Release
Batch mode:              YES
macOS version:           Version 11.1 (Build 20C69)
Darwin version:          20.2.0
Architecture:            x86_64
Running under Rosetta:   YES
Available memory:        8192 MB
Using pre-set license
Pro License: NO

COMMAND LINE ARGUMENTS:
/Applications/Unity/Hub/Editor/2020.3.17f1/Unity.app/Contents/MacOS/Unity
-adb2
-batchMode
-noUpm
-name
AssetImportWorker0
-projectPath
/Users/thaisalvarenga/Documents/GitHub/Interaction-Labs/Interaction-Lab-Week5
-logFile
Logs/AssetImportWorker0.log
-srvPort
63180
Successfully changed project path to: /Users/thaisalvarenga/Documents/GitHub/Interaction-Labs/Interaction-Lab-Week5
/Users/thaisalvarenga/Documents/GitHub/Interaction-Labs/Interaction-Lab-Week5
Using Asset Import Pipeline V2.
Refreshing native plugins compatible for Editor in 68.94 ms, found 3 plugins.
Preloading 1 native plugins for Editor in 11.25 ms.
Initialize engine version: 2020.3.17f1 (a4537701e4ab)
[Subsystems] Discovering subsystems at path /Applications/Unity/Hub/Editor/2020.3.17f1/Unity.app/Contents/Resources/UnitySubsystems
[Subsystems] Discovering subsystems at path /Users/thaisalvarenga/Documents/GitHub/Interaction-Labs/Interaction-Lab-Week5/Assets
GfxDevice: creating device client; threaded=0
2021-09-27 07:36:33.194 Unity[24589:1963202] (null) preferred device: Apple M1 (high power)
2021-09-27 07:36:33.194 Unity[24589:1963202] Metal devices available: 1
2021-09-27 07:36:33.194 Unity[24589:1963202] 0: Apple M1 (high power)
2021-09-27 07:36:33.195 Unity[24589:1963202] Using device Apple M1 (high power)
Initializing Metal device caps: Apple M1
Initialize mono
Mono path[0] = '/Applications/Unity/Hub/Editor/2020.3.17f1/Unity.app/Contents/Managed'
Mono path[1] = '/Applications/Unity/Hub/Editor/2020.3.17f1/Unity.app/Contents/MonoBleedingEdge/lib/mono/unityjit'
Mono config path = '/Applications/Unity/Hub/Editor/2020.3.17f1/Unity.app/Contents/MonoBleedingEdge/etc'
Using monoOptions --debugger-agent=transport=dt_socket,embedding=1,server=y,suspend=n,address=127.0.0.1:56589
Begin MonoManager ReloadAssembly
Registering precompiled unity dll's ...
Register platform support module: /Applications/Unity/Hub/Editor/2020.3.17f1/Unity.app/Contents/PlaybackEngines/MacStandaloneSupport/UnityEditor.OSXStandalone.Extensions.dll
Registered in 0.001878 seconds.
Native extension for OSXStandalone target not found
Refreshing native plugins compatible for Editor in 54.11 ms, found 3 plugins.
Preloading 1 native plugins for Editor in 0.40 ms.
Mono: successfully reloaded assembly
- Completed reload, in  3.704 seconds
Domain Reload Profiling:
	ReloadAssembly (3705ms)
		BeginReloadAssembly (96ms)
			ExecutionOrderSort (0ms)
			DisableScriptedObjects (0ms)
			BackupInstance (0ms)
			ReleaseScriptingObjects (0ms)
			CreateAndSetChildDomain (3ms)
		EndReloadAssembly (975ms)
			LoadAssemblies (93ms)
			RebuildTransferFunctionScriptingTraits (0ms)
			SetupTypeCache (184ms)
			ReleaseScriptCaches (0ms)
			RebuildScriptCaches (44ms)
			SetupLoadedEditorAssemblies (580ms)
				LogAssemblyErrors (0ms)
				InitializePlatformSupportModulesInManaged (10ms)
				SetLoadedEditorAssemblies (0ms)
				RefreshPlugins (55ms)
				BeforeProcessingInitializeOnLoad (83ms)
				ProcessInitializeOnLoadAttributes (322ms)
				ProcessInitializeOnLoadMethodAttributes (110ms)
				AfterProcessingInitializeOnLoad (0ms)
				EditorAssembliesLoaded (1ms)
			ExecutionOrderSort2 (0ms)
			AwakeInstancesAfterBackupRestoration (0ms)
Platform modules already initialized, skipping
Registering precompiled user dll's ...
Registered in 0.004588 seconds.
Begin MonoManager ReloadAssembly
Native extension for OSXStandalone target not found
Refreshing native plugins compatible for Editor in 60.00 ms, found 3 plugins.
Preloading 1 native plugins for Editor in 0.54 ms.
Mono: successfully reloaded assembly
- Completed reload, in  3.503 seconds
Domain Reload Profiling:
	ReloadAssembly (3505ms)
		BeginReloadAssembly (314ms)
			ExecutionOrderSort (0ms)
			DisableScriptedObjects (42ms)
			BackupInstance (0ms)
			ReleaseScriptingObjects (0ms)
			CreateAndSetChildDomain (50ms)
		EndReloadAssembly (3086ms)
			LoadAssemblies (447ms)
			RebuildTransferFunctionScriptingTraits (0ms)
			SetupTypeCache (408ms)
			ReleaseScriptCaches (39ms)
			RebuildScriptCaches (78ms)
			SetupLoadedEditorAssemblies (1602ms)
				LogAssemblyErrors (0ms)
				InitializePlatformSupportModulesInManaged (15ms)
				SetLoadedEditorAssemblies (0ms)
				RefreshPlugins (61ms)
				BeforeProcessingInitializeOnLoad (230ms)
				ProcessInitializeOnLoadAttributes (1277ms)
				ProcessInitializeOnLoadMethodAttributes (17ms)
				AfterProcessingInitializeOnLoad (2ms)
				EditorAssembliesLoaded (1ms)
			ExecutionOrderSort2 (0ms)
			AwakeInstancesAfterBackupRestoration (37ms)
Platform modules already initialized, skipping
Validating Project structure ... 0.000534 seconds.
Shader import version has changed; will reimport all shaders...
Upgrading shader files ...0.000609 seconds.
Application.AssetDatabase Initial Script Refresh Start
RefreshInfo: InitialScriptRefreshV2(NoUpdateAssetOptions) scanfilter:  ... 1 filters
RefreshProfiler: Total: 0.000ms
Application.AssetDatabase Initial Script Refresh End
Application.AssetDatabase.Refresh Start
Application.AssetDatabase.Refresh End
RefreshInfo: StopAssetImportingV2(ForceSynchronousImport) scanfilter: 
RefreshProfiler: Total: 0.000ms
Launching external process: /Applications/Unity/Hub/Editor/2020.3.17f1/Unity.app/Contents/Tools/UnityShaderCompiler
Launched and connected shader compiler UnityShaderCompiler after 0.04 seconds
Initializing Unity extensions:
========================================================================
Worker process is ready to serve import requests
Refreshing native plugins compatible for Editor in 0.66 ms, found 3 plugins.
Preloading 1 native plugins for Editor in 0.39 ms.
Unloading 3256 Unused Serialized files (Serialized files now loaded: 0)
System memory in use before: 263.4 MB.
System memory in use after: 262.6 MB.

Unloading 140 unused Assets to reduce memory usage. Loaded Objects now: 3729.
Total: 6.939666 ms (FindLiveObjects: 0.276750 ms CreateObjectMapping: 0.072292 ms MarkObjects: 6.054208 ms  DeleteObjects: 0.535125 ms)

AssetImportParameters requested are different than current active one (requested -> active):
  custom:video-decoder-ogg-theora: a1e56fd34408186e4bbccfd4996cb3dc -> 
  custom:container-muxer-webm: aa71ff27fc2769a1b78a27578f13a17b -> 
  custom:container-demuxer-webm: 4f35f7cbe854078d1ac9338744f61a02 -> 
  custom:container-demuxer-ogg: 62fdf1f143b41e24485cea50d1cbac27 -> 
  custom:video-encoder-webm-vp8: eb34c28f22e8b96e1ab97ce403110664 -> 
  custom:framework-osx-AVFoundation: e770b220cccbd017edd2c1fefb359320 -> 
  custom:video-decoder-webm-vp8: 9c59270c3fd7afecdb556c50c9e8de78 -> 
  custom:audio-decoder-ogg-vorbis: bf7c407c2cedff20999df2af8eb42d56 -> 
  custom:audio-encoder-webm-vorbis: bf7c407c2cedff20999df2af8eb42d56 -> 
========================================================================
Received Import Request.
  path: Assets/IMG_9837.HEIC
  artifactKey: Guid(535151675618445ea85a5fdb82d7e0ec) Importer(815301076,1909f56bfc062723c751e8b465ee728b)
Start importing Assets/IMG_9837.HEIC using Guid(535151675618445ea85a5fdb82d7e0ec) Importer(815301076,1909f56bfc062723c751e8b465ee728b)  -> (artifact id: '2cdfbf22186472a320462c8ee1e638e2') in 0.577105 seconds 
  Import took 0.582621 seconds .

========================================================================
Received Import Request.
  Time since last request: 38.955321 seconds.
  path: Assets/New Render Texture.renderTexture
  artifactKey: Guid(9b916db4f7c4e4c3cac9ee322c7d19b8) Importer(815301076,1909f56bfc062723c751e8b465ee728b)
Start importing Assets/New Render Texture.renderTexture using Guid(9b916db4f7c4e4c3cac9ee322c7d19b8) Importer(815301076,1909f56bfc062723c751e8b465ee728b)  -> (artifact id: 'ce8ce76b883e5c7ffecd2a072f7339a1') in 0.512119 seconds 
  Import took 0.527800 seconds .

========================================================================
Received Import Request.
  Time since last request: 191.364081 seconds.
  path: Assets/maze.jpeg
  artifactKey: Guid(1ed7c9fe6e536471798989d06f009434) Importer(815301076,1909f56bfc062723c751e8b465ee728b)
Start importing Assets/maze.jpeg using Guid(1ed7c9fe6e536471798989d06f009434) Importer(815301076,1909f56bfc062723c751e8b465ee728b)  -> (artifact id: 'ef27a6fff1791c6d3d49980e1baa6df1') in 0.697751 seconds 
  Import took 0.829835 seconds .

========================================================================
Received Import Request.
  Time since last request: 132.521388 seconds.
  path: Assets/New Flare.flare
  artifactKey: Guid(d595624f658ba4be1bdf95b1645f0858) Importer(815301076,1909f56bfc062723c751e8b465ee728b)
Start importing Assets/New Flare.flare using Guid(d595624f658ba4be1bdf95b1645f0858) Importer(815301076,1909f56bfc062723c751e8b465ee728b)  -> (artifact id: 'a21ef8d01f7f247101030b9ab8d2f963') in 0.619467 seconds 
  Import took 0.740314 seconds .

========================================================================
Received Import Request.
  Time since last request: 17.603035 seconds.
  path: Assets/blueprint-maze.mat
  artifactKey: Guid(6a5faa1356cc847fc8a8b2186fcfc65b) Importer(815301076,1909f56bfc062723c751e8b465ee728b)
Start importing Assets/blueprint-maze.mat using Guid(6a5faa1356cc847fc8a8b2186fcfc65b) Importer(815301076,1909f56bfc062723c751e8b465ee728b)  -> (artifact id: '77f8ba6f778eedcd4151586ef52b26ee') in 0.420412 seconds 
  Import took 0.427473 seconds .

========================================================================
Received Import Request.
  Time since last request: 116.519371 seconds.
  path: Assets
  artifactKey: Guid(00000000000000001000000000000000) Importer(815301076,1909f56bfc062723c751e8b465ee728b)
Start importing Assets using Guid(00000000000000001000000000000000) Importer(815301076,1909f56bfc062723c751e8b465ee728b)  -> (artifact id: '42d402b061de3733987d63b9cc3b64de') in 0.004549 seconds 
  Import took 0.031702 seconds .

========================================================================
Received Import Request.
  Time since last request: 815.877865 seconds.
  path: Packages/com.unity.probuilder/Content/Resources/Textures/GridBox_Default.png
  artifactKey: Guid(6344bf96fbda94141a525046d088fb23) Importer(815301076,1909f56bfc062723c751e8b465ee728b)
Start importing Packages/com.unity.probuilder/Content/Resources/Textures/GridBox_Default.png using Guid(6344bf96fbda94141a525046d088fb23) Importer(815301076,1909f56bfc062723c751e8b465ee728b)  -> (artifact id: '71665e41435c29cafe9bd58fd7f3c2ff') in 0.744036 seconds 
  Import took 0.832758 seconds .

========================================================================
Received Import Request.
  Time since last request: 0.013018 seconds.
  path: Packages/com.unity.probuilder/Content/Resources/Textures/GridBox_Default.png
  artifactKey: Guid(6344bf96fbda94141a525046d088fb23) Importer(815301076,1909f56bfc062723c751e8b465ee728b)
Start importing Packages/com.unity.probuilder/Content/Resources/Textures/GridBox_Default.png using Guid(6344bf96fbda94141a525046d088fb23) Importer(815301076,1909f56bfc062723c751e8b465ee728b)  -> (artifact id: '71665e41435c29cafe9bd58fd7f3c2ff') in 0.008374 seconds 
  Import took 0.015139 seconds .

========================================================================
Received Import Request.
  Time since last request: 21.491253 seconds.
  path: Assets/materisal.mat
  artifactKey: Guid(345b522689c1940138f0783a84241651) Importer(815301076,1909f56bfc062723c751e8b465ee728b)
Start importing Assets/materisal.mat using Guid(345b522689c1940138f0783a84241651) Importer(815301076,1909f56bfc062723c751e8b465ee728b)  -> (artifact id: '3dbff2af3f65a42258d0510ab2640e76') in 0.059256 seconds 
  Import took 0.065498 seconds .

========================================================================
Received Import Request.
  Time since last request: 282.858407 seconds.
  path: Assets/blueprint-maze.mat
  artifactKey: Guid(6a5faa1356cc847fc8a8b2186fcfc65b) Importer(815301076,1909f56bfc062723c751e8b465ee728b)
Start importing Assets/blueprint-maze.mat using Guid(6a5faa1356cc847fc8a8b2186fcfc65b) Importer(815301076,1909f56bfc062723c751e8b465ee728b)  -> (artifact id: '227ec565df3c6eb305261d28a624ec2b') in 0.095621 seconds 
  Import took 0.222228 seconds .

