Unity Editor version:    2020.3.17f1 (a4537701e4ab)
Branch:                  2020.3/staging
Build type:              Release
Batch mode:              YES
macOS version:           Version 10.15.7 (Build 19H1323)
Darwin version:          19.6.0
Architecture:            x86_64
Running under Rosetta:   NO
Available memory:        65536 MB
Using pre-set license
Pro License: NO

COMMAND LINE ARGUMENTS:
/Applications/Unity/Hub/Editor/2020.3.17f1/Unity.app/Contents/MacOS/Unity
-adb2
-batchMode
-noUpm
-name
AssetImportWorker0
-projectPath
/Users/nyuad/Documents/GitHub/Interaction-Labs/Interaction-Lab-Week5
-logFile
Logs/AssetImportWorker0.log
-srvPort
51292
Successfully changed project path to: /Users/nyuad/Documents/GitHub/Interaction-Labs/Interaction-Lab-Week5
/Users/nyuad/Documents/GitHub/Interaction-Labs/Interaction-Lab-Week5
Using Asset Import Pipeline V2.
Refreshing native plugins compatible for Editor in 56.53 ms, found 3 plugins.
Preloading 1 native plugins for Editor in 10.65 ms.
Initialize engine version: 2020.3.17f1 (a4537701e4ab)
[Subsystems] Discovering subsystems at path /Applications/Unity/Hub/Editor/2020.3.17f1/Unity.app/Contents/Resources/UnitySubsystems
[Subsystems] Discovering subsystems at path /Users/nyuad/Documents/GitHub/Interaction-Labs/Interaction-Lab-Week5/Assets
GfxDevice: creating device client; threaded=0
2021-09-27 13:49:29.759 Unity[22268:110670] iMac preferred device: AMD Radeon Pro Vega 64 (high power)
2021-09-27 13:49:29.759 Unity[22268:110670] Metal devices available: 1
2021-09-27 13:49:29.759 Unity[22268:110670] 0: AMD Radeon Pro Vega 64 (high power)
2021-09-27 13:49:29.759 Unity[22268:110670] Using device AMD Radeon Pro Vega 64 (high power)
Initializing Metal device caps: AMD Radeon Pro Vega 64
Initialize mono
Mono path[0] = '/Applications/Unity/Hub/Editor/2020.3.17f1/Unity.app/Contents/Managed'
Mono path[1] = '/Applications/Unity/Hub/Editor/2020.3.17f1/Unity.app/Contents/MonoBleedingEdge/lib/mono/unityjit'
Mono config path = '/Applications/Unity/Hub/Editor/2020.3.17f1/Unity.app/Contents/MonoBleedingEdge/etc'
Using monoOptions --debugger-agent=transport=dt_socket,embedding=1,server=y,suspend=n,address=127.0.0.1:56268
Begin MonoManager ReloadAssembly
Registering precompiled unity dll's ...
Register platform support module: /Applications/Unity/Hub/Editor/2020.3.17f1/Unity.app/Contents/PlaybackEngines/MacStandaloneSupport/UnityEditor.OSXStandalone.Extensions.dll
Registered in 0.000601 seconds.
Native extension for OSXStandalone target not found
Refreshing native plugins compatible for Editor in 49.79 ms, found 3 plugins.
Preloading 1 native plugins for Editor in 0.42 ms.
Mono: successfully reloaded assembly
- Completed reload, in  2.382 seconds
Domain Reload Profiling:
	ReloadAssembly (2382ms)
		BeginReloadAssembly (50ms)
			ExecutionOrderSort (0ms)
			DisableScriptedObjects (0ms)
			BackupInstance (0ms)
			ReleaseScriptingObjects (0ms)
			CreateAndSetChildDomain (1ms)
		EndReloadAssembly (426ms)
			LoadAssemblies (49ms)
			RebuildTransferFunctionScriptingTraits (0ms)
			SetupTypeCache (170ms)
			ReleaseScriptCaches (0ms)
			RebuildScriptCaches (36ms)
			SetupLoadedEditorAssemblies (172ms)
				LogAssemblyErrors (0ms)
				InitializePlatformSupportModulesInManaged (3ms)
				SetLoadedEditorAssemblies (0ms)
				RefreshPlugins (50ms)
				BeforeProcessingInitializeOnLoad (7ms)
				ProcessInitializeOnLoadAttributes (83ms)
				ProcessInitializeOnLoadMethodAttributes (28ms)
				AfterProcessingInitializeOnLoad (0ms)
				EditorAssembliesLoaded (0ms)
			ExecutionOrderSort2 (0ms)
			AwakeInstancesAfterBackupRestoration (0ms)
Platform modules already initialized, skipping
Registering precompiled user dll's ...
Registered in 0.003828 seconds.
Begin MonoManager ReloadAssembly
Native extension for OSXStandalone target not found
Refreshing native plugins compatible for Editor in 52.37 ms, found 3 plugins.
Preloading 1 native plugins for Editor in 0.43 ms.
Mono: successfully reloaded assembly
- Completed reload, in  1.309 seconds
Domain Reload Profiling:
	ReloadAssembly (1310ms)
		BeginReloadAssembly (164ms)
			ExecutionOrderSort (0ms)
			DisableScriptedObjects (4ms)
			BackupInstance (0ms)
			ReleaseScriptingObjects (0ms)
			CreateAndSetChildDomain (34ms)
		EndReloadAssembly (1084ms)
			LoadAssemblies (89ms)
			RebuildTransferFunctionScriptingTraits (0ms)
			SetupTypeCache (378ms)
			ReleaseScriptCaches (1ms)
			RebuildScriptCaches (61ms)
			SetupLoadedEditorAssemblies (433ms)
				LogAssemblyErrors (0ms)
				InitializePlatformSupportModulesInManaged (3ms)
				SetLoadedEditorAssemblies (0ms)
				RefreshPlugins (53ms)
				BeforeProcessingInitializeOnLoad (76ms)
				ProcessInitializeOnLoadAttributes (295ms)
				ProcessInitializeOnLoadMethodAttributes (4ms)
				AfterProcessingInitializeOnLoad (1ms)
				EditorAssembliesLoaded (0ms)
			ExecutionOrderSort2 (0ms)
			AwakeInstancesAfterBackupRestoration (6ms)
Platform modules already initialized, skipping
Validating Project structure ... 0.000681 seconds.
Shader import version has changed; will reimport all shaders...
Upgrading shader files ...0.000892 seconds.
Application.AssetDatabase Initial Script Refresh Start
RefreshInfo: InitialScriptRefreshV2(NoUpdateAssetOptions) scanfilter:  ... 1 filters
RefreshProfiler: Total: 0.000ms
Application.AssetDatabase Initial Script Refresh End
Application.AssetDatabase.Refresh Start
Application.AssetDatabase.Refresh End
RefreshInfo: StopAssetImportingV2(ForceSynchronousImport) scanfilter: 
RefreshProfiler: Total: 0.000ms
Launching external process: /Applications/Unity/Hub/Editor/2020.3.17f1/Unity.app/Contents/Tools/UnityShaderCompiler
Launched and connected shader compiler UnityShaderCompiler after 0.01 seconds
Initializing Unity extensions:
[C# Project] Writing /Users/nyuad/Documents/GitHub/Interaction-Labs/Interaction-Lab-Week5/Interaction-Lab-Week5.sln because it has changed
[C# Project] First difference on line 4

[C# Project] Current /Users/nyuad/Documents/GitHub/Interaction-Labs/Interaction-Lab-Week5/Interaction-Lab-Week5.sln:
[C# Project]   004: 
[C# Project]   005: Global
[C# Project]   006: 	GlobalSection(SolutionConfigurationPlatforms) = preSolution
[C# Project]   007: 		Debug|Any CPU = Debug|Any CPU
[C# Project]   008: 		Release|Any CPU = Release|Any CPU

[C# Project] New /Users/nyuad/Documents/GitHub/Interaction-Labs/Interaction-Lab-Week5/Interaction-Lab-Week5.sln:
[C# Project]   004: Project("{FAE04EC0-301F-11D3-BF4B-00C04F79EFBC}") = "UnityEngine.UI", "UnityEngine.UI.csproj", "{CA3D35BE-C105-D7D1-EB11-059B8F559548}"
[C# Project]   005: EndProject
[C# Project]   006: Project("{FAE04EC0-301F-11D3-BF4B-00C04F79EFBC}") = "Unity.RenderPipelines.Core.Runtime", "Unity.RenderPipelines.Core.Runtime.csproj", "{51A7BF58-87DA-91B5-F640-22569D15A79B}"
[C# Project]   007: EndProject
[C# Project]   008: Project("{FAE04EC0-301F-11D3-BF4B-00C04F79EFBC}") = "UnityEngine.TestRunner", "UnityEngine.TestRunner.csproj", "{80F2DF1D-6F39-FF82-B1A9-B804376E8D74}"
[C# Project] Writing /Users/nyuad/Documents/GitHub/Interaction-Labs/Interaction-Lab-Week5/UnityEngine.UI.csproj because it has changed
[C# Project] First difference on line 5

[C# Project] Current /Users/nyuad/Documents/GitHub/Interaction-Labs/Interaction-Lab-Week5/UnityEngine.UI.csproj:
[C# Project]   005:   </PropertyGroup>
[C# Project]   006:   <PropertyGroup>
[C# Project]   007:     <Configuration Condition=" '$(Configuration)' == '' ">Debug</Configuration>
[C# Project]   008:     <Platform Condition=" '$(Platform)' == '' ">AnyCPU</Platform>
[C# Project]   009:     <ProductVersion>10.0.20506</ProductVersion>

[C# Project] New /Users/nyuad/Documents/GitHub/Interaction-Labs/Interaction-Lab-Week5/UnityEngine.UI.csproj:
[C# Project]   005:     <CscToolPath>/Applications/Unity/Hub/Editor/2020.3.17f1/Unity.app/Contents/Tools/RoslynScripts</CscToolPath>
[C# Project]   006:     <CscToolExe>unity_csc.sh</CscToolExe>
[C# Project]   007:   </PropertyGroup>
[C# Project]   008:   <PropertyGroup>
[C# Project]   009:     <Configuration Condition=" '$(Configuration)' == '' ">Debug</Configuration>
[C# Project] Writing /Users/nyuad/Documents/GitHub/Interaction-Labs/Interaction-Lab-Week5/Unity.RenderPipelines.Core.Runtime.csproj because it has changed
[C# Project] First difference on line 5

[C# Project] Current /Users/nyuad/Documents/GitHub/Interaction-Labs/Interaction-Lab-Week5/Unity.RenderPipelines.Core.Runtime.csproj:
[C# Project]   005:   </PropertyGroup>
[C# Project]   006:   <PropertyGroup>
[C# Project]   007:     <Configuration Condition=" '$(Configuration)' == '' ">Debug</Configuration>
[C# Project]   008:     <Platform Condition=" '$(Platform)' == '' ">AnyCPU</Platform>
[C# Project]   009:     <ProductVersion>10.0.20506</ProductVersion>

[C# Project] New /Users/nyuad/Documents/GitHub/Interaction-Labs/Interaction-Lab-Week5/Unity.RenderPipelines.Core.Runtime.csproj:
[C# Project]   005:     <CscToolPath>/Applications/Unity/Hub/Editor/2020.3.17f1/Unity.app/Contents/Tools/RoslynScripts</CscToolPath>
[C# Project]   006:     <CscToolExe>unity_csc.sh</CscToolExe>
[C# Project]   007:   </PropertyGroup>
[C# Project]   008:   <PropertyGroup>
[C# Project]   009:     <Configuration Condition=" '$(Configuration)' == '' ">Debug</Configuration>
[C# Project] Writing /Users/nyuad/Documents/GitHub/Interaction-Labs/Interaction-Lab-Week5/UnityEngine.TestRunner.csproj because it has changed
[C# Project] First difference on line 5

[C# Project] Current /Users/nyuad/Documents/GitHub/Interaction-Labs/Interaction-Lab-Week5/UnityEngine.TestRunner.csproj:
[C# Project]   005:   </PropertyGroup>
[C# Project]   006:   <PropertyGroup>
[C# Project]   007:     <Configuration Condition=" '$(Configuration)' == '' ">Debug</Configuration>
[C# Project]   008:     <Platform Condition=" '$(Platform)' == '' ">AnyCPU</Platform>
[C# Project]   009:     <ProductVersion>10.0.20506</ProductVersion>

[C# Project] New /Users/nyuad/Documents/GitHub/Interaction-Labs/Interaction-Lab-Week5/UnityEngine.TestRunner.csproj:
[C# Project]   005:     <CscToolPath>/Applications/Unity/Hub/Editor/2020.3.17f1/Unity.app/Contents/Tools/RoslynScripts</CscToolPath>
[C# Project]   006:     <CscToolExe>unity_csc.sh</CscToolExe>
[C# Project]   007:   </PropertyGroup>
[C# Project]   008:   <PropertyGroup>
[C# Project]   009:     <Configuration Condition=" '$(Configuration)' == '' ">Debug</Configuration>
[C# Project] Writing /Users/nyuad/Documents/GitHub/Interaction-Labs/Interaction-Lab-Week5/Unity.Mathematics.csproj because it has changed
[C# Project] First difference on line 5

[C# Project] Current /Users/nyuad/Documents/GitHub/Interaction-Labs/Interaction-Lab-Week5/Unity.Mathematics.csproj:
[C# Project]   005:   </PropertyGroup>
[C# Project]   006:   <PropertyGroup>
[C# Project]   007:     <Configuration Condition=" '$(Configuration)' == '' ">Debug</Configuration>
[C# Project]   008:     <Platform Condition=" '$(Platform)' == '' ">AnyCPU</Platform>
[C# Project]   009:     <ProductVersion>10.0.20506</ProductVersion>

[C# Project] New /Users/nyuad/Documents/GitHub/Interaction-Labs/Interaction-Lab-Week5/Unity.Mathematics.csproj:
[C# Project]   005:     <CscToolPath>/Applications/Unity/Hub/Editor/2020.3.17f1/Unity.app/Contents/Tools/RoslynScripts</CscToolPath>
[C# Project]   006:     <CscToolExe>unity_csc.sh</CscToolExe>
[C# Project]   007:   </PropertyGroup>
[C# Project]   008:   <PropertyGroup>
[C# Project]   009:     <Configuration Condition=" '$(Configuration)' == '' ">Debug</Configuration>
[C# Project] Writing /Users/nyuad/Documents/GitHub/Interaction-Labs/Interaction-Lab-Week5/Unity.RenderPipelines.Universal.Runtime.csproj because it has changed
[C# Project] First difference on line 5

[C# Project] Current /Users/nyuad/Documents/GitHub/Interaction-Labs/Interaction-Lab-Week5/Unity.RenderPipelines.Universal.Runtime.csproj:
[C# Project]   005:   </PropertyGroup>
[C# Project]   006:   <PropertyGroup>
[C# Project]   007:     <Configuration Condition=" '$(Configuration)' == '' ">Debug</Configuration>
[C# Project]   008:     <Platform Condition=" '$(Platform)' == '' ">AnyCPU</Platform>
[C# Project]   009:     <ProductVersion>10.0.20506</ProductVersion>

[C# Project] New /Users/nyuad/Documents/GitHub/Interaction-Labs/Interaction-Lab-Week5/Unity.RenderPipelines.Universal.Runtime.csproj:
[C# Project]   005:     <CscToolPath>/Applications/Unity/Hub/Editor/2020.3.17f1/Unity.app/Contents/Tools/RoslynScripts</CscToolPath>
[C# Project]   006:     <CscToolExe>unity_csc.sh</CscToolExe>
[C# Project]   007:   </PropertyGroup>
[C# Project]   008:   <PropertyGroup>
[C# Project]   009:     <Configuration Condition=" '$(Configuration)' == '' ">Debug</Configuration>
[C# Project] Writing /Users/nyuad/Documents/GitHub/Interaction-Labs/Interaction-Lab-Week5/UnityEngine.XR.LegacyInputHelpers.csproj because it has changed
[C# Project] First difference on line 5

[C# Project] Current /Users/nyuad/Documents/GitHub/Interaction-Labs/Interaction-Lab-Week5/UnityEngine.XR.LegacyInputHelpers.csproj:
[C# Project]   005:   </PropertyGroup>
[C# Project]   006:   <PropertyGroup>
[C# Project]   007:     <Configuration Condition=" '$(Configuration)' == '' ">Debug</Configuration>
[C# Project]   008:     <Platform Condition=" '$(Platform)' == '' ">AnyCPU</Platform>
[C# Project]   009:     <ProductVersion>10.0.20506</ProductVersion>

[C# Project] New /Users/nyuad/Documents/GitHub/Interaction-Labs/Interaction-Lab-Week5/UnityEngine.XR.LegacyInputHelpers.csproj:
[C# Project]   005:     <CscToolPath>/Applications/Unity/Hub/Editor/2020.3.17f1/Unity.app/Contents/Tools/RoslynScripts</CscToolPath>
[C# Project]   006:     <CscToolExe>unity_csc.sh</CscToolExe>
[C# Project]   007:   </PropertyGroup>
[C# Project]   008:   <PropertyGroup>
[C# Project]   009:     <Configuration Condition=" '$(Configuration)' == '' ">Debug</Configuration>
[C# Project] Writing /Users/nyuad/Documents/GitHub/Interaction-Labs/Interaction-Lab-Week5/Unity.XR.Oculus.csproj because it has changed
[C# Project] First difference on line 5

[C# Project] Current /Users/nyuad/Documents/GitHub/Interaction-Labs/Interaction-Lab-Week5/Unity.XR.Oculus.csproj:
[C# Project]   005:   </PropertyGroup>
[C# Project]   006:   <PropertyGroup>
[C# Project]   007:     <Configuration Condition=" '$(Configuration)' == '' ">Debug</Configuration>
[C# Project]   008:     <Platform Condition=" '$(Platform)' == '' ">AnyCPU</Platform>
[C# Project]   009:     <ProductVersion>10.0.20506</ProductVersion>

[C# Project] New /Users/nyuad/Documents/GitHub/Interaction-Labs/Interaction-Lab-Week5/Unity.XR.Oculus.csproj:
[C# Project]   005:     <CscToolPath>/Applications/Unity/Hub/Editor/2020.3.17f1/Unity.app/Contents/Tools/RoslynScripts</CscToolPath>
[C# Project]   006:     <CscToolExe>unity_csc.sh</CscToolExe>
[C# Project]   007:   </PropertyGroup>
[C# Project]   008:   <PropertyGroup>
[C# Project]   009:     <Configuration Condition=" '$(Configuration)' == '' ">Debug</Configuration>
[C# Project] Writing /Users/nyuad/Documents/GitHub/Interaction-Labs/Interaction-Lab-Week5/Unity.TextMeshPro.csproj because it has changed
[C# Project] First difference on line 5

[C# Project] Current /Users/nyuad/Documents/GitHub/Interaction-Labs/Interaction-Lab-Week5/Unity.TextMeshPro.csproj:
[C# Project]   005:   </PropertyGroup>
[C# Project]   006:   <PropertyGroup>
[C# Project]   007:     <Configuration Condition=" '$(Configuration)' == '' ">Debug</Configuration>
[C# Project]   008:     <Platform Condition=" '$(Platform)' == '' ">AnyCPU</Platform>
[C# Project]   009:     <ProductVersion>10.0.20506</ProductVersion>

[C# Project] New /Users/nyuad/Documents/GitHub/Interaction-Labs/Interaction-Lab-Week5/Unity.TextMeshPro.csproj:
[C# Project]   005:     <CscToolPath>/Applications/Unity/Hub/Editor/2020.3.17f1/Unity.app/Contents/Tools/RoslynScripts</CscToolPath>
[C# Project]   006:     <CscToolExe>unity_csc.sh</CscToolExe>
[C# Project]   007:   </PropertyGroup>
[C# Project]   008:   <PropertyGroup>
[C# Project]   009:     <Configuration Condition=" '$(Configuration)' == '' ">Debug</Configuration>
[C# Project] Writing /Users/nyuad/Documents/GitHub/Interaction-Labs/Interaction-Lab-Week5/Unity.Polybrush.csproj because it has changed
[C# Project] First difference on line 5

[C# Project] Current /Users/nyuad/Documents/GitHub/Interaction-Labs/Interaction-Lab-Week5/Unity.Polybrush.csproj:
[C# Project]   005:   </PropertyGroup>
[C# Project]   006:   <PropertyGroup>
[C# Project]   007:     <Configuration Condition=" '$(Configuration)' == '' ">Debug</Configuration>
[C# Project]   008:     <Platform Condition=" '$(Platform)' == '' ">AnyCPU</Platform>
[C# Project]   009:     <ProductVersion>10.0.20506</ProductVersion>

[C# Project] New /Users/nyuad/Documents/GitHub/Interaction-Labs/Interaction-Lab-Week5/Unity.Polybrush.csproj:
[C# Project]   005:     <CscToolPath>/Applications/Unity/Hub/Editor/2020.3.17f1/Unity.app/Contents/Tools/RoslynScripts</CscToolPath>
[C# Project]   006:     <CscToolExe>unity_csc.sh</CscToolExe>
[C# Project]   007:   </PropertyGroup>
[C# Project]   008:   <PropertyGroup>
[C# Project]   009:     <Configuration Condition=" '$(Configuration)' == '' ">Debug</Configuration>
[C# Project] Writing /Users/nyuad/Documents/GitHub/Interaction-Labs/Interaction-Lab-Week5/Unity.ProBuilder.Poly2Tri.csproj because it has changed
[C# Project] First difference on line 5

[C# Project] Current /Users/nyuad/Documents/GitHub/Interaction-Labs/Interaction-Lab-Week5/Unity.ProBuilder.Poly2Tri.csproj:
[C# Project]   005:   </PropertyGroup>
[C# Project]   006:   <PropertyGroup>
[C# Project]   007:     <Configuration Condition=" '$(Configuration)' == '' ">Debug</Configuration>
[C# Project]   008:     <Platform Condition=" '$(Platform)' == '' ">AnyCPU</Platform>
[C# Project]   009:     <ProductVersion>10.0.20506</ProductVersion>

[C# Project] New /Users/nyuad/Documents/GitHub/Interaction-Labs/Interaction-Lab-Week5/Unity.ProBuilder.Poly2Tri.csproj:
[C# Project]   005:     <CscToolPath>/Applications/Unity/Hub/Editor/2020.3.17f1/Unity.app/Contents/Tools/RoslynScripts</CscToolPath>
[C# Project]   006:     <CscToolExe>unity_csc.sh</CscToolExe>
[C# Project]   007:   </PropertyGroup>
[C# Project]   008:   <PropertyGroup>
[C# Project]   009:     <Configuration Condition=" '$(Configuration)' == '' ">Debug</Configuration>
[C# Project] Writing /Users/nyuad/Documents/GitHub/Interaction-Labs/Interaction-Lab-Week5/Unity.Timeline.csproj because it has changed
[C# Project] First difference on line 5

[C# Project] Current /Users/nyuad/Documents/GitHub/Interaction-Labs/Interaction-Lab-Week5/Unity.Timeline.csproj:
[C# Project]   005:   </PropertyGroup>
[C# Project]   006:   <PropertyGroup>
[C# Project]   007:     <Configuration Condition=" '$(Configuration)' == '' ">Debug</Configuration>
[C# Project]   008:     <Platform Condition=" '$(Platform)' == '' ">AnyCPU</Platform>
[C# Project]   009:     <ProductVersion>10.0.20506</ProductVersion>

[C# Project] New /Users/nyuad/Documents/GitHub/Interaction-Labs/Interaction-Lab-Week5/Unity.Timeline.csproj:
[C# Project]   005:     <CscToolPath>/Applications/Unity/Hub/Editor/2020.3.17f1/Unity.app/Contents/Tools/RoslynScripts</CscToolPath>
[C# Project]   006:     <CscToolExe>unity_csc.sh</CscToolExe>
[C# Project]   007:   </PropertyGroup>
[C# Project]   008:   <PropertyGroup>
[C# Project]   009:     <Configuration Condition=" '$(Configuration)' == '' ">Debug</Configuration>
[C# Project] Writing /Users/nyuad/Documents/GitHub/Interaction-Labs/Interaction-Lab-Week5/Unity.ProBuilder.csproj because it has changed
[C# Project] First difference on line 5

[C# Project] Current /Users/nyuad/Documents/GitHub/Interaction-Labs/Interaction-Lab-Week5/Unity.ProBuilder.csproj:
[C# Project]   005:   </PropertyGroup>
[C# Project]   006:   <PropertyGroup>
[C# Project]   007:     <Configuration Condition=" '$(Configuration)' == '' ">Debug</Configuration>
[C# Project]   008:     <Platform Condition=" '$(Platform)' == '' ">AnyCPU</Platform>
[C# Project]   009:     <ProductVersion>10.0.20506</ProductVersion>

[C# Project] New /Users/nyuad/Documents/GitHub/Interaction-Labs/Interaction-Lab-Week5/Unity.ProBuilder.csproj:
[C# Project]   005:     <CscToolPath>/Applications/Unity/Hub/Editor/2020.3.17f1/Unity.app/Contents/Tools/RoslynScripts</CscToolPath>
[C# Project]   006:     <CscToolExe>unity_csc.sh</CscToolExe>
[C# Project]   007:   </PropertyGroup>
[C# Project]   008:   <PropertyGroup>
[C# Project]   009:     <Configuration Condition=" '$(Configuration)' == '' ">Debug</Configuration>
[C# Project] Writing /Users/nyuad/Documents/GitHub/Interaction-Labs/Interaction-Lab-Week5/Unity.ProGrids.csproj because it has changed
[C# Project] First difference on line 5

[C# Project] Current /Users/nyuad/Documents/GitHub/Interaction-Labs/Interaction-Lab-Week5/Unity.ProGrids.csproj:
[C# Project]   005:   </PropertyGroup>
[C# Project]   006:   <PropertyGroup>
[C# Project]   007:     <Configuration Condition=" '$(Configuration)' == '' ">Debug</Configuration>
[C# Project]   008:     <Platform Condition=" '$(Platform)' == '' ">AnyCPU</Platform>
[C# Project]   009:     <ProductVersion>10.0.20506</ProductVersion>

[C# Project] New /Users/nyuad/Documents/GitHub/Interaction-Labs/Interaction-Lab-Week5/Unity.ProGrids.csproj:
[C# Project]   005:     <CscToolPath>/Applications/Unity/Hub/Editor/2020.3.17f1/Unity.app/Contents/Tools/RoslynScripts</CscToolPath>
[C# Project]   006:     <CscToolExe>unity_csc.sh</CscToolExe>
[C# Project]   007:   </PropertyGroup>
[C# Project]   008:   <PropertyGroup>
[C# Project]   009:     <Configuration Condition=" '$(Configuration)' == '' ">Debug</Configuration>
[C# Project] Writing /Users/nyuad/Documents/GitHub/Interaction-Labs/Interaction-Lab-Week5/Unity.ProBuilder.Csg.csproj because it has changed
[C# Project] First difference on line 5

[C# Project] Current /Users/nyuad/Documents/GitHub/Interaction-Labs/Interaction-Lab-Week5/Unity.ProBuilder.Csg.csproj:
[C# Project]   005:   </PropertyGroup>
[C# Project]   006:   <PropertyGroup>
[C# Project]   007:     <Configuration Condition=" '$(Configuration)' == '' ">Debug</Configuration>
[C# Project]   008:     <Platform Condition=" '$(Platform)' == '' ">AnyCPU</Platform>
[C# Project]   009:     <ProductVersion>10.0.20506</ProductVersion>

[C# Project] New /Users/nyuad/Documents/GitHub/Interaction-Labs/Interaction-Lab-Week5/Unity.ProBuilder.Csg.csproj:
[C# Project]   005:     <CscToolPath>/Applications/Unity/Hub/Editor/2020.3.17f1/Unity.app/Contents/Tools/RoslynScripts</CscToolPath>
[C# Project]   006:     <CscToolExe>unity_csc.sh</CscToolExe>
[C# Project]   007:   </PropertyGroup>
[C# Project]   008:   <PropertyGroup>
[C# Project]   009:     <Configuration Condition=" '$(Configuration)' == '' ">Debug</Configuration>
[C# Project] Writing /Users/nyuad/Documents/GitHub/Interaction-Labs/Interaction-Lab-Week5/Unity.XR.Management.csproj because it has changed
[C# Project] First difference on line 5

[C# Project] Current /Users/nyuad/Documents/GitHub/Interaction-Labs/Interaction-Lab-Week5/Unity.XR.Management.csproj:
[C# Project]   005:   </PropertyGroup>
[C# Project]   006:   <PropertyGroup>
[C# Project]   007:     <Configuration Condition=" '$(Configuration)' == '' ">Debug</Configuration>
[C# Project]   008:     <Platform Condition=" '$(Platform)' == '' ">AnyCPU</Platform>
[C# Project]   009:     <ProductVersion>10.0.20506</ProductVersion>

[C# Project] New /Users/nyuad/Documents/GitHub/Interaction-Labs/Interaction-Lab-Week5/Unity.XR.Management.csproj:
[C# Project]   005:     <CscToolPath>/Applications/Unity/Hub/Editor/2020.3.17f1/Unity.app/Contents/Tools/RoslynScripts</CscToolPath>
[C# Project]   006:     <CscToolExe>unity_csc.sh</CscToolExe>
[C# Project]   007:   </PropertyGroup>
[C# Project]   008:   <PropertyGroup>
[C# Project]   009:     <Configuration Condition=" '$(Configuration)' == '' ">Debug</Configuration>
[C# Project] Writing /Users/nyuad/Documents/GitHub/Interaction-Labs/Interaction-Lab-Week5/Unity.ProBuilder.KdTree.csproj because it has changed
[C# Project] First difference on line 5

[C# Project] Current /Users/nyuad/Documents/GitHub/Interaction-Labs/Interaction-Lab-Week5/Unity.ProBuilder.KdTree.csproj:
[C# Project]   005:   </PropertyGroup>
[C# Project]   006:   <PropertyGroup>
[C# Project]   007:     <Configuration Condition=" '$(Configuration)' == '' ">Debug</Configuration>
[C# Project]   008:     <Platform Condition=" '$(Platform)' == '' ">AnyCPU</Platform>
[C# Project]   009:     <ProductVersion>10.0.20506</ProductVersion>

[C# Project] New /Users/nyuad/Documents/GitHub/Interaction-Labs/Interaction-Lab-Week5/Unity.ProBuilder.KdTree.csproj:
[C# Project]   005:     <CscToolPath>/Applications/Unity/Hub/Editor/2020.3.17f1/Unity.app/Contents/Tools/RoslynScripts</CscToolPath>
[C# Project]   006:     <CscToolExe>unity_csc.sh</CscToolExe>
[C# Project]   007:   </PropertyGroup>
[C# Project]   008:   <PropertyGroup>
[C# Project]   009:     <Configuration Condition=" '$(Configuration)' == '' ">Debug</Configuration>
[C# Project] Writing /Users/nyuad/Documents/GitHub/Interaction-Labs/Interaction-Lab-Week5/Unity.RenderPipelines.Core.ShaderLibrary.csproj because it has changed
[C# Project] First difference on line 5

[C# Project] Current /Users/nyuad/Documents/GitHub/Interaction-Labs/Interaction-Lab-Week5/Unity.RenderPipelines.Core.ShaderLibrary.csproj:
[C# Project]   005:   </PropertyGroup>
[C# Project]   006:   <PropertyGroup>
[C# Project]   007:     <Configuration Condition=" '$(Configuration)' == '' ">Debug</Configuration>
[C# Project]   008:     <Platform Condition=" '$(Platform)' == '' ">AnyCPU</Platform>
[C# Project]   009:     <ProductVersion>10.0.20506</ProductVersion>

[C# Project] New /Users/nyuad/Documents/GitHub/Interaction-Labs/Interaction-Lab-Week5/Unity.RenderPipelines.Core.ShaderLibrary.csproj:
[C# Project]   005:     <CscToolPath>/Applications/Unity/Hub/Editor/2020.3.17f1/Unity.app/Contents/Tools/RoslynScripts</CscToolPath>
[C# Project]   006:     <CscToolExe>unity_csc.sh</CscToolExe>
[C# Project]   007:   </PropertyGroup>
[C# Project]   008:   <PropertyGroup>
[C# Project]   009:     <Configuration Condition=" '$(Configuration)' == '' ">Debug</Configuration>
[C# Project] Writing /Users/nyuad/Documents/GitHub/Interaction-Labs/Interaction-Lab-Week5/UnityEngine.SpatialTracking.csproj because it has changed
[C# Project] First difference on line 5

[C# Project] Current /Users/nyuad/Documents/GitHub/Interaction-Labs/Interaction-Lab-Week5/UnityEngine.SpatialTracking.csproj:
[C# Project]   005:   </PropertyGroup>
[C# Project]   006:   <PropertyGroup>
[C# Project]   007:     <Configuration Condition=" '$(Configuration)' == '' ">Debug</Configuration>
[C# Project]   008:     <Platform Condition=" '$(Platform)' == '' ">AnyCPU</Platform>
[C# Project]   009:     <ProductVersion>10.0.20506</ProductVersion>

[C# Project] New /Users/nyuad/Documents/GitHub/Interaction-Labs/Interaction-Lab-Week5/UnityEngine.SpatialTracking.csproj:
[C# Project]   005:     <CscToolPath>/Applications/Unity/Hub/Editor/2020.3.17f1/Unity.app/Contents/Tools/RoslynScripts</CscToolPath>
[C# Project]   006:     <CscToolExe>unity_csc.sh</CscToolExe>
[C# Project]   007:   </PropertyGroup>
[C# Project]   008:   <PropertyGroup>
[C# Project]   009:     <Configuration Condition=" '$(Configuration)' == '' ">Debug</Configuration>
[C# Project] Writing /Users/nyuad/Documents/GitHub/Interaction-Labs/Interaction-Lab-Week5/Unity.RenderPipeline.Universal.ShaderLibrary.csproj because it has changed
[C# Project] First difference on line 5

[C# Project] Current /Users/nyuad/Documents/GitHub/Interaction-Labs/Interaction-Lab-Week5/Unity.RenderPipeline.Universal.ShaderLibrary.csproj:
[C# Project]   005:   </PropertyGroup>
[C# Project]   006:   <PropertyGroup>
[C# Project]   007:     <Configuration Condition=" '$(Configuration)' == '' ">Debug</Configuration>
[C# Project]   008:     <Platform Condition=" '$(Platform)' == '' ">AnyCPU</Platform>
[C# Project]   009:     <ProductVersion>10.0.20506</ProductVersion>

[C# Project] New /Users/nyuad/Documents/GitHub/Interaction-Labs/Interaction-Lab-Week5/Unity.RenderPipeline.Universal.ShaderLibrary.csproj:
[C# Project]   005:     <CscToolPath>/Applications/Unity/Hub/Editor/2020.3.17f1/Unity.app/Contents/Tools/RoslynScripts</CscToolPath>
[C# Project]   006:     <CscToolExe>unity_csc.sh</CscToolExe>
[C# Project]   007:   </PropertyGroup>
[C# Project]   008:   <PropertyGroup>
[C# Project]   009:     <Configuration Condition=" '$(Configuration)' == '' ">Debug</Configuration>
[C# Project] Writing /Users/nyuad/Documents/GitHub/Interaction-Labs/Interaction-Lab-Week5/Unity.ProBuilder.Stl.csproj because it has changed
[C# Project] First difference on line 5

[C# Project] Current /Users/nyuad/Documents/GitHub/Interaction-Labs/Interaction-Lab-Week5/Unity.ProBuilder.Stl.csproj:
[C# Project]   005:   </PropertyGroup>
[C# Project]   006:   <PropertyGroup>
[C# Project]   007:     <Configuration Condition=" '$(Configuration)' == '' ">Debug</Configuration>
[C# Project]   008:     <Platform Condition=" '$(Platform)' == '' ">AnyCPU</Platform>
[C# Project]   009:     <ProductVersion>10.0.20506</ProductVersion>

[C# Project] New /Users/nyuad/Documents/GitHub/Interaction-Labs/Interaction-Lab-Week5/Unity.ProBuilder.Stl.csproj:
[C# Project]   005:     <CscToolPath>/Applications/Unity/Hub/Editor/2020.3.17f1/Unity.app/Contents/Tools/RoslynScripts</CscToolPath>
[C# Project]   006:     <CscToolExe>unity_csc.sh</CscToolExe>
[C# Project]   007:   </PropertyGroup>
[C# Project]   008:   <PropertyGroup>
[C# Project]   009:     <Configuration Condition=" '$(Configuration)' == '' ">Debug</Configuration>
[C# Project] Writing /Users/nyuad/Documents/GitHub/Interaction-Labs/Interaction-Lab-Week5/Unity.Subsystem.Registration.csproj because it has changed
[C# Project] First difference on line 5

[C# Project] Current /Users/nyuad/Documents/GitHub/Interaction-Labs/Interaction-Lab-Week5/Unity.Subsystem.Registration.csproj:
[C# Project]   005:   </PropertyGroup>
[C# Project]   006:   <PropertyGroup>
[C# Project]   007:     <Configuration Condition=" '$(Configuration)' == '' ">Debug</Configuration>
[C# Project]   008:     <Platform Condition=" '$(Platform)' == '' ">AnyCPU</Platform>
[C# Project]   009:     <ProductVersion>10.0.20506</ProductVersion>

[C# Project] New /Users/nyuad/Documents/GitHub/Interaction-Labs/Interaction-Lab-Week5/Unity.Subsystem.Registration.csproj:
[C# Project]   005:     <CscToolPath>/Applications/Unity/Hub/Editor/2020.3.17f1/Unity.app/Contents/Tools/RoslynScripts</CscToolPath>
[C# Project]   006:     <CscToolExe>unity_csc.sh</CscToolExe>
[C# Project]   007:   </PropertyGroup>
[C# Project]   008:   <PropertyGroup>
[C# Project]   009:     <Configuration Condition=" '$(Configuration)' == '' ">Debug</Configuration>
[C# Project] Writing /Users/nyuad/Documents/GitHub/Interaction-Labs/Interaction-Lab-Week5/Unity.RenderPipelines.Universal.Shaders.csproj because it has changed
[C# Project] First difference on line 5

[C# Project] Current /Users/nyuad/Documents/GitHub/Interaction-Labs/Interaction-Lab-Week5/Unity.RenderPipelines.Universal.Shaders.csproj:
[C# Project]   005:   </PropertyGroup>
[C# Project]   006:   <PropertyGroup>
[C# Project]   007:     <Configuration Condition=" '$(Configuration)' == '' ">Debug</Configuration>
[C# Project]   008:     <Platform Condition=" '$(Platform)' == '' ">AnyCPU</Platform>
[C# Project]   009:     <ProductVersion>10.0.20506</ProductVersion>

[C# Project] New /Users/nyuad/Documents/GitHub/Interaction-Labs/Interaction-Lab-Week5/Unity.RenderPipelines.Universal.Shaders.csproj:
[C# Project]   005:     <CscToolPath>/Applications/Unity/Hub/Editor/2020.3.17f1/Unity.app/Contents/Tools/RoslynScripts</CscToolPath>
[C# Project]   006:     <CscToolExe>unity_csc.sh</CscToolExe>
[C# Project]   007:   </PropertyGroup>
[C# Project]   008:   <PropertyGroup>
[C# Project]   009:     <Configuration Condition=" '$(Configuration)' == '' ">Debug</Configuration>
[C# Project] Writing /Users/nyuad/Documents/GitHub/Interaction-Labs/Interaction-Lab-Week5/Unity.RenderPipelines.ShaderGraph.ShaderGraphLibrary.csproj because it has changed
[C# Project] First difference on line 5

[C# Project] Current /Users/nyuad/Documents/GitHub/Interaction-Labs/Interaction-Lab-Week5/Unity.RenderPipelines.ShaderGraph.ShaderGraphLibrary.csproj:
[C# Project]   005:   </PropertyGroup>
[C# Project]   006:   <PropertyGroup>
[C# Project]   007:     <Configuration Condition=" '$(Configuration)' == '' ">Debug</Configuration>
[C# Project]   008:     <Platform Condition=" '$(Platform)' == '' ">AnyCPU</Platform>
[C# Project]   009:     <ProductVersion>10.0.20506</ProductVersion>

[C# Project] New /Users/nyuad/Documents/GitHub/Interaction-Labs/Interaction-Lab-Week5/Unity.RenderPipelines.ShaderGraph.ShaderGraphLibrary.csproj:
[C# Project]   005:     <CscToolPath>/Applications/Unity/Hub/Editor/2020.3.17f1/Unity.app/Contents/Tools/RoslynScripts</CscToolPath>
[C# Project]   006:     <CscToolExe>unity_csc.sh</CscToolExe>
[C# Project]   007:   </PropertyGroup>
[C# Project]   008:   <PropertyGroup>
[C# Project]   009:     <Configuration Condition=" '$(Configuration)' == '' ">Debug</Configuration>
[C# Project] Writing /Users/nyuad/Documents/GitHub/Interaction-Labs/Interaction-Lab-Week5/Unity.PlasticSCM.Editor.csproj because it has changed
[C# Project] First difference on line 5

[C# Project] Current /Users/nyuad/Documents/GitHub/Interaction-Labs/Interaction-Lab-Week5/Unity.PlasticSCM.Editor.csproj:
[C# Project]   005:   </PropertyGroup>
[C# Project]   006:   <PropertyGroup>
[C# Project]   007:     <Configuration Condition=" '$(Configuration)' == '' ">Debug</Configuration>
[C# Project]   008:     <Platform Condition=" '$(Platform)' == '' ">AnyCPU</Platform>
[C# Project]   009:     <ProductVersion>10.0.20506</ProductVersion>

[C# Project] New /Users/nyuad/Documents/GitHub/Interaction-Labs/Interaction-Lab-Week5/Unity.PlasticSCM.Editor.csproj:
[C# Project]   005:     <CscToolPath>/Applications/Unity/Hub/Editor/2020.3.17f1/Unity.app/Contents/Tools/RoslynScripts</CscToolPath>
[C# Project]   006:     <CscToolExe>unity_csc.sh</CscToolExe>
[C# Project]   007:   </PropertyGroup>
[C# Project]   008:   <PropertyGroup>
[C# Project]   009:     <Configuration Condition=" '$(Configuration)' == '' ">Debug</Configuration>
[C# Project] Writing /Users/nyuad/Documents/GitHub/Interaction-Labs/Interaction-Lab-Week5/Unity.ShaderGraph.Editor.csproj because it has changed
[C# Project] First difference on line 5

[C# Project] Current /Users/nyuad/Documents/GitHub/Interaction-Labs/Interaction-Lab-Week5/Unity.ShaderGraph.Editor.csproj:
[C# Project]   005:   </PropertyGroup>
[C# Project]   006:   <PropertyGroup>
[C# Project]   007:     <Configuration Condition=" '$(Configuration)' == '' ">Debug</Configuration>
[C# Project]   008:     <Platform Condition=" '$(Platform)' == '' ">AnyCPU</Platform>
[C# Project]   009:     <ProductVersion>10.0.20506</ProductVersion>

[C# Project] New /Users/nyuad/Documents/GitHub/Interaction-Labs/Interaction-Lab-Week5/Unity.ShaderGraph.Editor.csproj:
[C# Project]   005:     <CscToolPath>/Applications/Unity/Hub/Editor/2020.3.17f1/Unity.app/Contents/Tools/RoslynScripts</CscToolPath>
[C# Project]   006:     <CscToolExe>unity_csc.sh</CscToolExe>
[C# Project]   007:   </PropertyGroup>
[C# Project]   008:   <PropertyGroup>
[C# Project]   009:     <Configuration Condition=" '$(Configuration)' == '' ">Debug</Configuration>
[C# Project] Writing /Users/nyuad/Documents/GitHub/Interaction-Labs/Interaction-Lab-Week5/Unity.VisualStudio.Editor.csproj because it has changed
[C# Project] First difference on line 5

[C# Project] Current /Users/nyuad/Documents/GitHub/Interaction-Labs/Interaction-Lab-Week5/Unity.VisualStudio.Editor.csproj:
[C# Project]   005:   </PropertyGroup>
[C# Project]   006:   <PropertyGroup>
[C# Project]   007:     <Configuration Condition=" '$(Configuration)' == '' ">Debug</Configuration>
[C# Project]   008:     <Platform Condition=" '$(Platform)' == '' ">AnyCPU</Platform>
[C# Project]   009:     <ProductVersion>10.0.20506</ProductVersion>

[C# Project] New /Users/nyuad/Documents/GitHub/Interaction-Labs/Interaction-Lab-Week5/Unity.VisualStudio.Editor.csproj:
[C# Project]   005:     <CscToolPath>/Applications/Unity/Hub/Editor/2020.3.17f1/Unity.app/Contents/Tools/RoslynScripts</CscToolPath>
[C# Project]   006:     <CscToolExe>unity_csc.sh</CscToolExe>
[C# Project]   007:   </PropertyGroup>
[C# Project]   008:   <PropertyGroup>
[C# Project]   009:     <Configuration Condition=" '$(Configuration)' == '' ">Debug</Configuration>
[C# Project] Writing /Users/nyuad/Documents/GitHub/Interaction-Labs/Interaction-Lab-Week5/Unity.ProBuilder.Editor.csproj because it has changed
[C# Project] First difference on line 5

[C# Project] Current /Users/nyuad/Documents/GitHub/Interaction-Labs/Interaction-Lab-Week5/Unity.ProBuilder.Editor.csproj:
[C# Project]   005:   </PropertyGroup>
[C# Project]   006:   <PropertyGroup>
[C# Project]   007:     <Configuration Condition=" '$(Configuration)' == '' ">Debug</Configuration>
[C# Project]   008:     <Platform Condition=" '$(Platform)' == '' ">AnyCPU</Platform>
[C# Project]   009:     <ProductVersion>10.0.20506</ProductVersion>

[C# Project] New /Users/nyuad/Documents/GitHub/Interaction-Labs/Interaction-Lab-Week5/Unity.ProBuilder.Editor.csproj:
[C# Project]   005:     <CscToolPath>/Applications/Unity/Hub/Editor/2020.3.17f1/Unity.app/Contents/Tools/RoslynScripts</CscToolPath>
[C# Project]   006:     <CscToolExe>unity_csc.sh</CscToolExe>
[C# Project]   007:   </PropertyGroup>
[C# Project]   008:   <PropertyGroup>
[C# Project]   009:     <Configuration Condition=" '$(Configuration)' == '' ">Debug</Configuration>
[C# Project] Writing /Users/nyuad/Documents/GitHub/Interaction-Labs/Interaction-Lab-Week5/Unity.Timeline.Editor.csproj because it has changed
[C# Project] First difference on line 5

[C# Project] Current /Users/nyuad/Documents/GitHub/Interaction-Labs/Interaction-Lab-Week5/Unity.Timeline.Editor.csproj:
[C# Project]   005:   </PropertyGroup>
[C# Project]   006:   <PropertyGroup>
[C# Project]   007:     <Configuration Condition=" '$(Configuration)' == '' ">Debug</Configuration>
[C# Project]   008:     <Platform Condition=" '$(Platform)' == '' ">AnyCPU</Platform>
[C# Project]   009:     <ProductVersion>10.0.20506</ProductVersion>

[C# Project] New /Users/nyuad/Documents/GitHub/Interaction-Labs/Interaction-Lab-Week5/Unity.Timeline.Editor.csproj:
[C# Project]   005:     <CscToolPath>/Applications/Unity/Hub/Editor/2020.3.17f1/Unity.app/Contents/Tools/RoslynScripts</CscToolPath>
[C# Project]   006:     <CscToolExe>unity_csc.sh</CscToolExe>
[C# Project]   007:   </PropertyGroup>
[C# Project]   008:   <PropertyGroup>
[C# Project]   009:     <Configuration Condition=" '$(Configuration)' == '' ">Debug</Configuration>
[C# Project] Writing /Users/nyuad/Documents/GitHub/Interaction-Labs/Interaction-Lab-Week5/Unity.TextMeshPro.Editor.csproj because it has changed
[C# Project] First difference on line 5

[C# Project] Current /Users/nyuad/Documents/GitHub/Interaction-Labs/Interaction-Lab-Week5/Unity.TextMeshPro.Editor.csproj:
[C# Project]   005:   </PropertyGroup>
[C# Project]   006:   <PropertyGroup>
[C# Project]   007:     <Configuration Condition=" '$(Configuration)' == '' ">Debug</Configuration>
[C# Project]   008:     <Platform Condition=" '$(Platform)' == '' ">AnyCPU</Platform>
[C# Project]   009:     <ProductVersion>10.0.20506</ProductVersion>

[C# Project] New /Users/nyuad/Documents/GitHub/Interaction-Labs/Interaction-Lab-Week5/Unity.TextMeshPro.Editor.csproj:
[C# Project]   005:     <CscToolPath>/Applications/Unity/Hub/Editor/2020.3.17f1/Unity.app/Contents/Tools/RoslynScripts</CscToolPath>
[C# Project]   006:     <CscToolExe>unity_csc.sh</CscToolExe>
[C# Project]   007:   </PropertyGroup>
[C# Project]   008:   <PropertyGroup>
[C# Project]   009:     <Configuration Condition=" '$(Configuration)' == '' ">Debug</Configuration>
[C# Project] Writing /Users/nyuad/Documents/GitHub/Interaction-Labs/Interaction-Lab-Week5/Unity.CollabProxy.Editor.csproj because it has changed
[C# Project] First difference on line 5

[C# Project] Current /Users/nyuad/Documents/GitHub/Interaction-Labs/Interaction-Lab-Week5/Unity.CollabProxy.Editor.csproj:
[C# Project]   005:   </PropertyGroup>
[C# Project]   006:   <PropertyGroup>
[C# Project]   007:     <Configuration Condition=" '$(Configuration)' == '' ">Debug</Configuration>
[C# Project]   008:     <Platform Condition=" '$(Platform)' == '' ">AnyCPU</Platform>
[C# Project]   009:     <ProductVersion>10.0.20506</ProductVersion>

[C# Project] New /Users/nyuad/Documents/GitHub/Interaction-Labs/Interaction-Lab-Week5/Unity.CollabProxy.Editor.csproj:
[C# Project]   005:     <CscToolPath>/Applications/Unity/Hub/Editor/2020.3.17f1/Unity.app/Contents/Tools/RoslynScripts</CscToolPath>
[C# Project]   006:     <CscToolExe>unity_csc.sh</CscToolExe>
[C# Project]   007:   </PropertyGroup>
[C# Project]   008:   <PropertyGroup>
[C# Project]   009:     <Configuration Condition=" '$(Configuration)' == '' ">Debug</Configuration>
[C# Project] Writing /Users/nyuad/Documents/GitHub/Interaction-Labs/Interaction-Lab-Week5/UnityEditor.TestRunner.csproj because it has changed
[C# Project] First difference on line 5

[C# Project] Current /Users/nyuad/Documents/GitHub/Interaction-Labs/Interaction-Lab-Week5/UnityEditor.TestRunner.csproj:
[C# Project]   005:   </PropertyGroup>
[C# Project]   006:   <PropertyGroup>
[C# Project]   007:     <Configuration Condition=" '$(Configuration)' == '' ">Debug</Configuration>
[C# Project]   008:     <Platform Condition=" '$(Platform)' == '' ">AnyCPU</Platform>
[C# Project]   009:     <ProductVersion>10.0.20506</ProductVersion>

[C# Project] New /Users/nyuad/Documents/GitHub/Interaction-Labs/Interaction-Lab-Week5/UnityEditor.TestRunner.csproj:
[C# Project]   005:     <CscToolPath>/Applications/Unity/Hub/Editor/2020.3.17f1/Unity.app/Contents/Tools/RoslynScripts</CscToolPath>
[C# Project]   006:     <CscToolExe>unity_csc.sh</CscToolExe>
[C# Project]   007:   </PropertyGroup>
[C# Project]   008:   <PropertyGroup>
[C# Project]   009:     <Configuration Condition=" '$(Configuration)' == '' ">Debug</Configuration>
[C# Project] Writing /Users/nyuad/Documents/GitHub/Interaction-Labs/Interaction-Lab-Week5/Unity.Polybrush.Editor.csproj because it has changed
[C# Project] First difference on line 5

[C# Project] Current /Users/nyuad/Documents/GitHub/Interaction-Labs/Interaction-Lab-Week5/Unity.Polybrush.Editor.csproj:
[C# Project]   005:   </PropertyGroup>
[C# Project]   006:   <PropertyGroup>
[C# Project]   007:     <Configuration Condition=" '$(Configuration)' == '' ">Debug</Configuration>
[C# Project]   008:     <Platform Condition=" '$(Platform)' == '' ">AnyCPU</Platform>
[C# Project]   009:     <ProductVersion>10.0.20506</ProductVersion>

[C# Project] New /Users/nyuad/Documents/GitHub/Interaction-Labs/Interaction-Lab-Week5/Unity.Polybrush.Editor.csproj:
[C# Project]   005:     <CscToolPath>/Applications/Unity/Hub/Editor/2020.3.17f1/Unity.app/Contents/Tools/RoslynScripts</CscToolPath>
[C# Project]   006:     <CscToolExe>unity_csc.sh</CscToolExe>
[C# Project]   007:   </PropertyGroup>
[C# Project]   008:   <PropertyGroup>
[C# Project]   009:     <Configuration Condition=" '$(Configuration)' == '' ">Debug</Configuration>
[C# Project] Writing /Users/nyuad/Documents/GitHub/Interaction-Labs/Interaction-Lab-Week5/Unity.Rider.Editor.csproj because it has changed
[C# Project] First difference on line 5

[C# Project] Current /Users/nyuad/Documents/GitHub/Interaction-Labs/Interaction-Lab-Week5/Unity.Rider.Editor.csproj:
[C# Project]   005:   </PropertyGroup>
[C# Project]   006:   <PropertyGroup>
[C# Project]   007:     <Configuration Condition=" '$(Configuration)' == '' ">Debug</Configuration>
[C# Project]   008:     <Platform Condition=" '$(Platform)' == '' ">AnyCPU</Platform>
[C# Project]   009:     <ProductVersion>10.0.20506</ProductVersion>

[C# Project] New /Users/nyuad/Documents/GitHub/Interaction-Labs/Interaction-Lab-Week5/Unity.Rider.Editor.csproj:
[C# Project]   005:     <CscToolPath>/Applications/Unity/Hub/Editor/2020.3.17f1/Unity.app/Contents/Tools/RoslynScripts</CscToolPath>
[C# Project]   006:     <CscToolExe>unity_csc.sh</CscToolExe>
[C# Project]   007:   </PropertyGroup>
[C# Project]   008:   <PropertyGroup>
[C# Project]   009:     <Configuration Condition=" '$(Configuration)' == '' ">Debug</Configuration>
[C# Project] Writing /Users/nyuad/Documents/GitHub/Interaction-Labs/Interaction-Lab-Week5/Unity.RenderPipelines.Universal.Editor.csproj because it has changed
[C# Project] First difference on line 5

[C# Project] Current /Users/nyuad/Documents/GitHub/Interaction-Labs/Interaction-Lab-Week5/Unity.RenderPipelines.Universal.Editor.csproj:
[C# Project]   005:   </PropertyGroup>
[C# Project]   006:   <PropertyGroup>
[C# Project]   007:     <Configuration Condition=" '$(Configuration)' == '' ">Debug</Configuration>
[C# Project]   008:     <Platform Condition=" '$(Platform)' == '' ">AnyCPU</Platform>
[C# Project]   009:     <ProductVersion>10.0.20506</ProductVersion>

[C# Project] New /Users/nyuad/Documents/GitHub/Interaction-Labs/Interaction-Lab-Week5/Unity.RenderPipelines.Universal.Editor.csproj:
[C# Project]   005:     <CscToolPath>/Applications/Unity/Hub/Editor/2020.3.17f1/Unity.app/Contents/Tools/RoslynScripts</CscToolPath>
[C# Project]   006:     <CscToolExe>unity_csc.sh</CscToolExe>
[C# Project]   007:   </PropertyGroup>
[C# Project]   008:   <PropertyGroup>
[C# Project]   009:     <Configuration Condition=" '$(Configuration)' == '' ">Debug</Configuration>
[C# Project] Writing /Users/nyuad/Documents/GitHub/Interaction-Labs/Interaction-Lab-Week5/Unity.ProGrids.Editor.csproj because it has changed
[C# Project] First difference on line 5

[C# Project] Current /Users/nyuad/Documents/GitHub/Interaction-Labs/Interaction-Lab-Week5/Unity.ProGrids.Editor.csproj:
[C# Project]   005:   </PropertyGroup>
[C# Project]   006:   <PropertyGroup>
[C# Project]   007:     <Configuration Condition=" '$(Configuration)' == '' ">Debug</Configuration>
[C# Project]   008:     <Platform Condition=" '$(Platform)' == '' ">AnyCPU</Platform>
[C# Project]   009:     <ProductVersion>10.0.20506</ProductVersion>

[C# Project] New /Users/nyuad/Documents/GitHub/Interaction-Labs/Interaction-Lab-Week5/Unity.ProGrids.Editor.csproj:
[C# Project]   005:     <CscToolPath>/Applications/Unity/Hub/Editor/2020.3.17f1/Unity.app/Contents/Tools/RoslynScripts</CscToolPath>
[C# Project]   006:     <CscToolExe>unity_csc.sh</CscToolExe>
[C# Project]   007:   </PropertyGroup>
[C# Project]   008:   <PropertyGroup>
[C# Project]   009:     <Configuration Condition=" '$(Configuration)' == '' ">Debug</Configuration>
[C# Project] Writing /Users/nyuad/Documents/GitHub/Interaction-Labs/Interaction-Lab-Week5/Unity.RenderPipelines.Core.Editor.csproj because it has changed
[C# Project] First difference on line 5

[C# Project] Current /Users/nyuad/Documents/GitHub/Interaction-Labs/Interaction-Lab-Week5/Unity.RenderPipelines.Core.Editor.csproj:
[C# Project]   005:   </PropertyGroup>
[C# Project]   006:   <PropertyGroup>
[C# Project]   007:     <Configuration Condition=" '$(Configuration)' == '' ">Debug</Configuration>
[C# Project]   008:     <Platform Condition=" '$(Platform)' == '' ">AnyCPU</Platform>
[C# Project]   009:     <ProductVersion>10.0.20506</ProductVersion>

[C# Project] New /Users/nyuad/Documents/GitHub/Interaction-Labs/Interaction-Lab-Week5/Unity.RenderPipelines.Core.Editor.csproj:
[C# Project]   005:     <CscToolPath>/Applications/Unity/Hub/Editor/2020.3.17f1/Unity.app/Contents/Tools/RoslynScripts</CscToolPath>
[C# Project]   006:     <CscToolExe>unity_csc.sh</CscToolExe>
[C# Project]   007:   </PropertyGroup>
[C# Project]   008:   <PropertyGroup>
[C# Project]   009:     <Configuration Condition=" '$(Configuration)' == '' ">Debug</Configuration>
[C# Project] Writing /Users/nyuad/Documents/GitHub/Interaction-Labs/Interaction-Lab-Week5/Unity.Searcher.Editor.csproj because it has changed
[C# Project] First difference on line 5

[C# Project] Current /Users/nyuad/Documents/GitHub/Interaction-Labs/Interaction-Lab-Week5/Unity.Searcher.Editor.csproj:
[C# Project]   005:   </PropertyGroup>
[C# Project]   006:   <PropertyGroup>
[C# Project]   007:     <Configuration Condition=" '$(Configuration)' == '' ">Debug</Configuration>
[C# Project]   008:     <Platform Condition=" '$(Platform)' == '' ">AnyCPU</Platform>
[C# Project]   009:     <ProductVersion>10.0.20506</ProductVersion>

[C# Project] New /Users/nyuad/Documents/GitHub/Interaction-Labs/Interaction-Lab-Week5/Unity.Searcher.Editor.csproj:
[C# Project]   005:     <CscToolPath>/Applications/Unity/Hub/Editor/2020.3.17f1/Unity.app/Contents/Tools/RoslynScripts</CscToolPath>
[C# Project]   006:     <CscToolExe>unity_csc.sh</CscToolExe>
[C# Project]   007:   </PropertyGroup>
[C# Project]   008:   <PropertyGroup>
[C# Project]   009:     <Configuration Condition=" '$(Configuration)' == '' ">Debug</Configuration>
[C# Project] Writing /Users/nyuad/Documents/GitHub/Interaction-Labs/Interaction-Lab-Week5/Unity.XR.Management.Editor.csproj because it has changed
[C# Project] First difference on line 5

[C# Project] Current /Users/nyuad/Documents/GitHub/Interaction-Labs/Interaction-Lab-Week5/Unity.XR.Management.Editor.csproj:
[C# Project]   005:   </PropertyGroup>
[C# Project]   006:   <PropertyGroup>
[C# Project]   007:     <Configuration Condition=" '$(Configuration)' == '' ">Debug</Configuration>
[C# Project]   008:     <Platform Condition=" '$(Platform)' == '' ">AnyCPU</Platform>
[C# Project]   009:     <ProductVersion>10.0.20506</ProductVersion>

[C# Project] New /Users/nyuad/Documents/GitHub/Interaction-Labs/Interaction-Lab-Week5/Unity.XR.Management.Editor.csproj:
[C# Project]   005:     <CscToolPath>/Applications/Unity/Hub/Editor/2020.3.17f1/Unity.app/Contents/Tools/RoslynScripts</CscToolPath>
[C# Project]   006:     <CscToolExe>unity_csc.sh</CscToolExe>
[C# Project]   007:   </PropertyGroup>
[C# Project]   008:   <PropertyGroup>
[C# Project]   009:     <Configuration Condition=" '$(Configuration)' == '' ">Debug</Configuration>
[C# Project] Writing /Users/nyuad/Documents/GitHub/Interaction-Labs/Interaction-Lab-Week5/Unity.VSCode.Editor.csproj because it has changed
[C# Project] First difference on line 5

[C# Project] Current /Users/nyuad/Documents/GitHub/Interaction-Labs/Interaction-Lab-Week5/Unity.VSCode.Editor.csproj:
[C# Project]   005:   </PropertyGroup>
[C# Project]   006:   <PropertyGroup>
[C# Project]   007:     <Configuration Condition=" '$(Configuration)' == '' ">Debug</Configuration>
[C# Project]   008:     <Platform Condition=" '$(Platform)' == '' ">AnyCPU</Platform>
[C# Project]   009:     <ProductVersion>10.0.20506</ProductVersion>

[C# Project] New /Users/nyuad/Documents/GitHub/Interaction-Labs/Interaction-Lab-Week5/Unity.VSCode.Editor.csproj:
[C# Project]   005:     <CscToolPath>/Applications/Unity/Hub/Editor/2020.3.17f1/Unity.app/Contents/Tools/RoslynScripts</CscToolPath>
[C# Project]   006:     <CscToolExe>unity_csc.sh</CscToolExe>
[C# Project]   007:   </PropertyGroup>
[C# Project]   008:   <PropertyGroup>
[C# Project]   009:     <Configuration Condition=" '$(Configuration)' == '' ">Debug</Configuration>
[C# Project] Writing /Users/nyuad/Documents/GitHub/Interaction-Labs/Interaction-Lab-Week5/Unity.ProBuilder.AssetIdRemapUtility.csproj because it has changed
[C# Project] First difference on line 5

[C# Project] Current /Users/nyuad/Documents/GitHub/Interaction-Labs/Interaction-Lab-Week5/Unity.ProBuilder.AssetIdRemapUtility.csproj:
[C# Project]   005:   </PropertyGroup>
[C# Project]   006:   <PropertyGroup>
[C# Project]   007:     <Configuration Condition=" '$(Configuration)' == '' ">Debug</Configuration>
[C# Project]   008:     <Platform Condition=" '$(Platform)' == '' ">AnyCPU</Platform>
[C# Project]   009:     <ProductVersion>10.0.20506</ProductVersion>

[C# Project] New /Users/nyuad/Documents/GitHub/Interaction-Labs/Interaction-Lab-Week5/Unity.ProBuilder.AssetIdRemapUtility.csproj:
[C# Project]   005:     <CscToolPath>/Applications/Unity/Hub/Editor/2020.3.17f1/Unity.app/Contents/Tools/RoslynScripts</CscToolPath>
[C# Project]   006:     <CscToolExe>unity_csc.sh</CscToolExe>
[C# Project]   007:   </PropertyGroup>
[C# Project]   008:   <PropertyGroup>
[C# Project]   009:     <Configuration Condition=" '$(Configuration)' == '' ">Debug</Configuration>
[C# Project] Writing /Users/nyuad/Documents/GitHub/Interaction-Labs/Interaction-Lab-Week5/UnityEditor.UI.csproj because it has changed
[C# Project] First difference on line 5

[C# Project] Current /Users/nyuad/Documents/GitHub/Interaction-Labs/Interaction-Lab-Week5/UnityEditor.UI.csproj:
[C# Project]   005:   </PropertyGroup>
[C# Project]   006:   <PropertyGroup>
[C# Project]   007:     <Configuration Condition=" '$(Configuration)' == '' ">Debug</Configuration>
[C# Project]   008:     <Platform Condition=" '$(Platform)' == '' ">AnyCPU</Platform>
[C# Project]   009:     <ProductVersion>10.0.20506</ProductVersion>

[C# Project] New /Users/nyuad/Documents/GitHub/Interaction-Labs/Interaction-Lab-Week5/UnityEditor.UI.csproj:
[C# Project]   005:     <CscToolPath>/Applications/Unity/Hub/Editor/2020.3.17f1/Unity.app/Contents/Tools/RoslynScripts</CscToolPath>
[C# Project]   006:     <CscToolExe>unity_csc.sh</CscToolExe>
[C# Project]   007:   </PropertyGroup>
[C# Project]   008:   <PropertyGroup>
[C# Project]   009:     <Configuration Condition=" '$(Configuration)' == '' ">Debug</Configuration>
[C# Project] Writing /Users/nyuad/Documents/GitHub/Interaction-Labs/Interaction-Lab-Week5/Unity.Settings.Editor.csproj because it has changed
[C# Project] First difference on line 5

[C# Project] Current /Users/nyuad/Documents/GitHub/Interaction-Labs/Interaction-Lab-Week5/Unity.Settings.Editor.csproj:
[C# Project]   005:   </PropertyGroup>
[C# Project]   006:   <PropertyGroup>
[C# Project]   007:     <Configuration Condition=" '$(Configuration)' == '' ">Debug</Configuration>
[C# Project]   008:     <Platform Condition=" '$(Platform)' == '' ">AnyCPU</Platform>
[C# Project]   009:     <ProductVersion>10.0.20506</ProductVersion>

[C# Project] New /Users/nyuad/Documents/GitHub/Interaction-Labs/Interaction-Lab-Week5/Unity.Settings.Editor.csproj:
[C# Project]   005:     <CscToolPath>/Applications/Unity/Hub/Editor/2020.3.17f1/Unity.app/Contents/Tools/RoslynScripts</CscToolPath>
[C# Project]   006:     <CscToolExe>unity_csc.sh</CscToolExe>
[C# Project]   007:   </PropertyGroup>
[C# Project]   008:   <PropertyGroup>
[C# Project]   009:     <Configuration Condition=" '$(Configuration)' == '' ">Debug</Configuration>
[C# Project] Writing /Users/nyuad/Documents/GitHub/Interaction-Labs/Interaction-Lab-Week5/UnityEditor.SpatialTracking.csproj because it has changed
[C# Project] First difference on line 5

[C# Project] Current /Users/nyuad/Documents/GitHub/Interaction-Labs/Interaction-Lab-Week5/UnityEditor.SpatialTracking.csproj:
[C# Project]   005:   </PropertyGroup>
[C# Project]   006:   <PropertyGroup>
[C# Project]   007:     <Configuration Condition=" '$(Configuration)' == '' ">Debug</Configuration>
[C# Project]   008:     <Platform Condition=" '$(Platform)' == '' ">AnyCPU</Platform>
[C# Project]   009:     <ProductVersion>10.0.20506</ProductVersion>

[C# Project] New /Users/nyuad/Documents/GitHub/Interaction-Labs/Interaction-Lab-Week5/UnityEditor.SpatialTracking.csproj:
[C# Project]   005:     <CscToolPath>/Applications/Unity/Hub/Editor/2020.3.17f1/Unity.app/Contents/Tools/RoslynScripts</CscToolPath>
[C# Project]   006:     <CscToolExe>unity_csc.sh</CscToolExe>
[C# Project]   007:   </PropertyGroup>
[C# Project]   008:   <PropertyGroup>
[C# Project]   009:     <Configuration Condition=" '$(Configuration)' == '' ">Debug</Configuration>
[C# Project] Writing /Users/nyuad/Documents/GitHub/Interaction-Labs/Interaction-Lab-Week5/Unity.Mathematics.Editor.csproj because it has changed
[C# Project] First difference on line 5

[C# Project] Current /Users/nyuad/Documents/GitHub/Interaction-Labs/Interaction-Lab-Week5/Unity.Mathematics.Editor.csproj:
[C# Project]   005:   </PropertyGroup>
[C# Project]   006:   <PropertyGroup>
[C# Project]   007:     <Configuration Condition=" '$(Configuration)' == '' ">Debug</Configuration>
[C# Project]   008:     <Platform Condition=" '$(Platform)' == '' ">AnyCPU</Platform>
[C# Project]   009:     <ProductVersion>10.0.20506</ProductVersion>

[C# Project] New /Users/nyuad/Documents/GitHub/Interaction-Labs/Interaction-Lab-Week5/Unity.Mathematics.Editor.csproj:
[C# Project]   005:     <CscToolPath>/Applications/Unity/Hub/Editor/2020.3.17f1/Unity.app/Contents/Tools/RoslynScripts</CscToolPath>
[C# Project]   006:     <CscToolExe>unity_csc.sh</CscToolExe>
[C# Project]   007:   </PropertyGroup>
[C# Project]   008:   <PropertyGroup>
[C# Project]   009:     <Configuration Condition=" '$(Configuration)' == '' ">Debug</Configuration>
[C# Project] Writing /Users/nyuad/Documents/GitHub/Interaction-Labs/Interaction-Lab-Week5/UnityEditor.XR.LegacyInputHelpers.csproj because it has changed
[C# Project] First difference on line 5

[C# Project] Current /Users/nyuad/Documents/GitHub/Interaction-Labs/Interaction-Lab-Week5/UnityEditor.XR.LegacyInputHelpers.csproj:
[C# Project]   005:   </PropertyGroup>
[C# Project]   006:   <PropertyGroup>
[C# Project]   007:     <Configuration Condition=" '$(Configuration)' == '' ">Debug</Configuration>
[C# Project]   008:     <Platform Condition=" '$(Platform)' == '' ">AnyCPU</Platform>
[C# Project]   009:     <ProductVersion>10.0.20506</ProductVersion>

[C# Project] New /Users/nyuad/Documents/GitHub/Interaction-Labs/Interaction-Lab-Week5/UnityEditor.XR.LegacyInputHelpers.csproj:
[C# Project]   005:     <CscToolPath>/Applications/Unity/Hub/Editor/2020.3.17f1/Unity.app/Contents/Tools/RoslynScripts</CscToolPath>
[C# Project]   006:     <CscToolExe>unity_csc.sh</CscToolExe>
[C# Project]   007:   </PropertyGroup>
[C# Project]   008:   <PropertyGroup>
[C# Project]   009:     <Configuration Condition=" '$(Configuration)' == '' ">Debug</Configuration>
[C# Project] Writing /Users/nyuad/Documents/GitHub/Interaction-Labs/Interaction-Lab-Week5/Unity.XR.Oculus.Editor.csproj because it has changed
[C# Project] First difference on line 5

[C# Project] Current /Users/nyuad/Documents/GitHub/Interaction-Labs/Interaction-Lab-Week5/Unity.XR.Oculus.Editor.csproj:
[C# Project]   005:   </PropertyGroup>
[C# Project]   006:   <PropertyGroup>
[C# Project]   007:     <Configuration Condition=" '$(Configuration)' == '' ">Debug</Configuration>
[C# Project]   008:     <Platform Condition=" '$(Platform)' == '' ">AnyCPU</Platform>
[C# Project]   009:     <ProductVersion>10.0.20506</ProductVersion>

[C# Project] New /Users/nyuad/Documents/GitHub/Interaction-Labs/Interaction-Lab-Week5/Unity.XR.Oculus.Editor.csproj:
[C# Project]   005:     <CscToolPath>/Applications/Unity/Hub/Editor/2020.3.17f1/Unity.app/Contents/Tools/RoslynScripts</CscToolPath>
[C# Project]   006:     <CscToolExe>unity_csc.sh</CscToolExe>
[C# Project]   007:   </PropertyGroup>
[C# Project]   008:   <PropertyGroup>
[C# Project]   009:     <Configuration Condition=" '$(Configuration)' == '' ">Debug</Configuration>
[C# Project] Writing /Users/nyuad/Documents/GitHub/Interaction-Labs/Interaction-Lab-Week5/Unity.ShaderGraph.Utilities.csproj because it has changed
[C# Project] First difference on line 5

[C# Project] Current /Users/nyuad/Documents/GitHub/Interaction-Labs/Interaction-Lab-Week5/Unity.ShaderGraph.Utilities.csproj:
[C# Project]   005:   </PropertyGroup>
[C# Project]   006:   <PropertyGroup>
[C# Project]   007:     <Configuration Condition=" '$(Configuration)' == '' ">Debug</Configuration>
[C# Project]   008:     <Platform Condition=" '$(Platform)' == '' ">AnyCPU</Platform>
[C# Project]   009:     <ProductVersion>10.0.20506</ProductVersion>

[C# Project] New /Users/nyuad/Documents/GitHub/Interaction-Labs/Interaction-Lab-Week5/Unity.ShaderGraph.Utilities.csproj:
[C# Project]   005:     <CscToolPath>/Applications/Unity/Hub/Editor/2020.3.17f1/Unity.app/Contents/Tools/RoslynScripts</CscToolPath>
[C# Project]   006:     <CscToolExe>unity_csc.sh</CscToolExe>
[C# Project]   007:   </PropertyGroup>
[C# Project]   008:   <PropertyGroup>
[C# Project]   009:     <Configuration Condition=" '$(Configuration)' == '' ">Debug</Configuration>
[C# Project] Writing /Users/nyuad/Documents/GitHub/Interaction-Labs/Interaction-Lab-Week5/Unity.ProBuilder.AddOns.Editor.csproj because it has changed
[C# Project] First difference on line 5

[C# Project] Current /Users/nyuad/Documents/GitHub/Interaction-Labs/Interaction-Lab-Week5/Unity.ProBuilder.AddOns.Editor.csproj:
[C# Project]   005:   </PropertyGroup>
[C# Project]   006:   <PropertyGroup>
[C# Project]   007:     <Configuration Condition=" '$(Configuration)' == '' ">Debug</Configuration>
[C# Project]   008:     <Platform Condition=" '$(Platform)' == '' ">AnyCPU</Platform>
[C# Project]   009:     <ProductVersion>10.0.20506</ProductVersion>

[C# Project] New /Users/nyuad/Documents/GitHub/Interaction-Labs/Interaction-Lab-Week5/Unity.ProBuilder.AddOns.Editor.csproj:
[C# Project]   005:     <CscToolPath>/Applications/Unity/Hub/Editor/2020.3.17f1/Unity.app/Contents/Tools/RoslynScripts</CscToolPath>
[C# Project]   006:     <CscToolExe>unity_csc.sh</CscToolExe>
[C# Project]   007:   </PropertyGroup>
[C# Project]   008:   <PropertyGroup>
[C# Project]   009:     <Configuration Condition=" '$(Configuration)' == '' ">Debug</Configuration>
========================================================================
Worker process is ready to serve import requests
Refreshing native plugins compatible for Editor in 0.75 ms, found 3 plugins.
Preloading 1 native plugins for Editor in 0.48 ms.
Unloading 3257 Unused Serialized files (Serialized files now loaded: 0)
System memory in use before: 266.1 MB.
System memory in use after: 265.4 MB.

Unloading 140 unused Assets to reduce memory usage. Loaded Objects now: 3728.
Total: 5.213553 ms (FindLiveObjects: 0.424936 ms CreateObjectMapping: 0.179640 ms MarkObjects: 3.986576 ms  DeleteObjects: 0.620955 ms)

AssetImportParameters requested are different than current active one (requested -> active):
  custom:video-decoder-ogg-theora: a1e56fd34408186e4bbccfd4996cb3dc -> 
  custom:container-muxer-webm: aa71ff27fc2769a1b78a27578f13a17b -> 
  custom:container-demuxer-webm: 4f35f7cbe854078d1ac9338744f61a02 -> 
  custom:container-demuxer-ogg: 62fdf1f143b41e24485cea50d1cbac27 -> 
  custom:video-encoder-webm-vp8: eb34c28f22e8b96e1ab97ce403110664 -> 
  custom:framework-osx-AVFoundation: b23960f63f64bdc6ff669e2cdcee2391 -> 
  custom:video-decoder-webm-vp8: 9c59270c3fd7afecdb556c50c9e8de78 -> 
  custom:audio-decoder-ogg-vorbis: bf7c407c2cedff20999df2af8eb42d56 -> 
  custom:audio-encoder-webm-vorbis: bf7c407c2cedff20999df2af8eb42d56 -> 
========================================================================
Received Import Request.
  path: Assets/walll.mat
  artifactKey: Guid(7545cdd1591164502ae1449246d3f3fb) Importer(815301076,1909f56bfc062723c751e8b465ee728b)
Start importing Assets/walll.mat using Guid(7545cdd1591164502ae1449246d3f3fb) Importer(815301076,1909f56bfc062723c751e8b465ee728b)  -> (artifact id: '6b5254f609798f4de593817f03f04bfb') in 0.479353 seconds 
  Import took 0.485314 seconds .

========================================================================
Received Import Request.
  Time since last request: 92.549353 seconds.
  path: Assets/XR
  artifactKey: Guid(14bd30e8a7b494cdaae3e7c90a4d1d45) Importer(815301076,1909f56bfc062723c751e8b465ee728b)
Start importing Assets/XR using Guid(14bd30e8a7b494cdaae3e7c90a4d1d45) Importer(815301076,1909f56bfc062723c751e8b465ee728b)  -> (artifact id: 'abf851c2884dbb6428ee13bd2424f7c8') in 0.002120 seconds 
  Import took 0.007903 seconds .

========================================================================
Received Import Request.
  Time since last request: 31.594676 seconds.
  path: Assets/Scenes
  artifactKey: Guid(caed03c0c49444cccb37119e2e293016) Importer(815301076,1909f56bfc062723c751e8b465ee728b)
Start importing Assets/Scenes using Guid(caed03c0c49444cccb37119e2e293016) Importer(815301076,1909f56bfc062723c751e8b465ee728b)  -> (artifact id: '9885761e70deb54cf3e21bae86ede102') in 0.001061 seconds 
  Import took 0.006784 seconds .

========================================================================
Received Import Request.
  Time since last request: 242.425272 seconds.
  path: Assets/walll.mat
  artifactKey: Guid(7545cdd1591164502ae1449246d3f3fb) Importer(815301076,1909f56bfc062723c751e8b465ee728b)
Start importing Assets/walll.mat using Guid(7545cdd1591164502ae1449246d3f3fb) Importer(815301076,1909f56bfc062723c751e8b465ee728b)  -> (artifact id: '4ccde536f9a2642a44c2d6a7b051fd06') in 0.013460 seconds 
  Import took 0.019453 seconds .

========================================================================
Received Prepare
Registering precompiled user dll's ...
Registered in 0.003282 seconds.
Begin MonoManager ReloadAssembly
Native extension for OSXStandalone target not found
Refreshing native plugins compatible for Editor in 52.21 ms, found 3 plugins.
Preloading 1 native plugins for Editor in 0.41 ms.
Mono: successfully reloaded assembly
- Completed reload, in  0.933 seconds
Domain Reload Profiling:
	ReloadAssembly (933ms)
		BeginReloadAssembly (154ms)
			ExecutionOrderSort (0ms)
			DisableScriptedObjects (4ms)
			BackupInstance (0ms)
			ReleaseScriptingObjects (0ms)
			CreateAndSetChildDomain (81ms)
		EndReloadAssembly (716ms)
			LoadAssemblies (74ms)
			RebuildTransferFunctionScriptingTraits (0ms)
			SetupTypeCache (259ms)
			ReleaseScriptCaches (2ms)
			RebuildScriptCaches (35ms)
			SetupLoadedEditorAssemblies (237ms)
				LogAssemblyErrors (0ms)
				InitializePlatformSupportModulesInManaged (4ms)
				SetLoadedEditorAssemblies (0ms)
				RefreshPlugins (53ms)
				BeforeProcessingInitializeOnLoad (99ms)
				ProcessInitializeOnLoadAttributes (75ms)
				ProcessInitializeOnLoadMethodAttributes (5ms)
				AfterProcessingInitializeOnLoad (1ms)
				EditorAssembliesLoaded (0ms)
			ExecutionOrderSort2 (0ms)
			AwakeInstancesAfterBackupRestoration (7ms)
Platform modules already initialized, skipping
Refreshing native plugins compatible for Editor in 0.82 ms, found 3 plugins.
Preloading 1 native plugins for Editor in 0.42 ms.
Unloading 3595 Unused Serialized files (Serialized files now loaded: 0)
System memory in use before: 245.8 MB.
System memory in use after: 246.0 MB.

Unloading 17 unused Assets to reduce memory usage. Loaded Objects now: 4204.
Total: 3.312519 ms (FindLiveObjects: 0.456960 ms CreateObjectMapping: 0.206718 ms MarkObjects: 2.560667 ms  DeleteObjects: 0.087520 ms)

AssetImportParameters requested are different than current active one (requested -> active):
  custom:video-decoder-ogg-theora: a1e56fd34408186e4bbccfd4996cb3dc -> 
  custom:container-muxer-webm: aa71ff27fc2769a1b78a27578f13a17b -> 
  custom:container-demuxer-webm: 4f35f7cbe854078d1ac9338744f61a02 -> 
  custom:container-demuxer-ogg: 62fdf1f143b41e24485cea50d1cbac27 -> 
  custom:video-encoder-webm-vp8: eb34c28f22e8b96e1ab97ce403110664 -> 
  custom:framework-osx-AVFoundation: b23960f63f64bdc6ff669e2cdcee2391 -> 
  custom:video-decoder-webm-vp8: 9c59270c3fd7afecdb556c50c9e8de78 -> 
  custom:audio-decoder-ogg-vorbis: bf7c407c2cedff20999df2af8eb42d56 -> 
  custom:audio-encoder-webm-vorbis: bf7c407c2cedff20999df2af8eb42d56 -> 
